<?xml version="1.0" encoding="utf-8"?><testsuites name="pytest tests"><testsuite name="pytest" errors="0" failures="0" skipped="0" tests="31" time="0.582" timestamp="2026-08-18T18:34:35.597736+00:00" hostname="runnervmzvulz"><testcase classname="tests.test_pptx_canvas_size" name="test_canva_4_5_resolves_exact_1080x1350_from_independent_source_signature" time="0.001" /><testcase classname="tests.test_pptx_canvas_size" name="test_generic_pptx_with_same_physical_dimensions_does_not_get_canva_override" time="0.001" /><testcase classname="tests.test_pptx_canvas_size" name="test_non_canva_office_document_keeps_physical_aspect_ratio_in_pipeline" time="0.002" /><testcase classname="tests.test_pptx_canvas_size" name="test_canva_pipeline_uses_exact_intended_canvas_and_preserves_physical_size" time="0.001" /><testcase classname="tests.test_canva_visual_fidelity_v5" name="test_placeholder_detector_uses_only_free_area_above_price" time="0.000" /><testcase classname="tests.test_canva_visual_fidelity_v5" name="test_tiny_logo_is_not_bound_as_product_image" time="0.000" /><testcase classname="tests.test_canva_visual_fidelity_v5" name="test_pipeline_recovers_approved_bank_image_and_preserves_white_text" time="0.027" /><testcase classname="tests.test_canva_visual_fidelity_v5" name="test_canva_font_helpers_keep_price_tokens_single_line" time="0.000" /><testcase classname="tests.test_canva_rendering_v7" name="test_canva_points_map_to_96_dpi_page_pixels" time="0.000" /><testcase classname="tests.test_canva_rendering_v7" name="test_split_price_tokens_stay_single_line_but_long_names_can_wrap" time="0.000" /><testcase classname="tests.test_canva_rendering_v7" name="test_fitted_price_shrinks_inside_original_box_instead_of_expanding_geometry" time="0.000" /><testcase classname="tests.test_canva_rendering_v7" name="test_canva_alignment_preserves_center_and_bottom" time="0.000" /><testcase classname="tests.test_canva_rendering_v7" name="test_custom_canva_freeform_is_recognized_as_rounded_card" time="0.000" /><testcase classname="tests.test_canva_rendering_v7" name="test_pipeline_preserves_line_and_rounded_card_geometry" time="0.000" /><testcase classname="tests.test_canva_rendering_v7" name="test_export_renderer_handles_rounded_shape_line_and_canva_text" time="0.084" /><testcase classname="tests.test_canva_encartes_v2" name="test_semantic_mapper_reconstructs_split_canva_price_and_card" time="0.005" /><testcase classname="tests.test_canva_encartes_v2" name="test_canva_reader_recognizes_picture_fill_and_applies_group_transform" time="0.002" /><testcase classname="tests.test_canva_encartes_v2" name="test_image_library_learns_deduplicates_and_fuzzy_matches_products" time="0.010" /><testcase classname="tests.test_canva_encartes_v2" name="test_low_confidence_canva_image_goes_to_review" time="0.007" /><testcase classname="tests.test_canva_encartes_v2" name="test_layout_corpus_merges_similar_sr_pages" time="0.011" /><testcase classname="tests.test_canva_encartes_v2" name="test_training_service_populates_image_bank_and_layouts_without_loading_project" time="0.007" /><testcase classname="tests.test_canva_encartes_v2" name="test_imported_canva_card_uses_transparent_learned_style" time="0.000" /><testcase classname="tests.test_canva_encartes_v2" name="test_imported_canva_card_renderer_produces_rgba_layer" time="0.038" /><testcase classname="tests.test_canva_encartes_v2" name="test_editor_controller_reopens_active_learned_page" time="0.000" /><testcase classname="tests.test_canva_slot_safety_v5" name="test_validator_accepts_local_product_slot_and_recomputes_bounds" time="0.000" /><testcase classname="tests.test_canva_slot_safety_v5" name="test_validator_rejects_cross_page_name_that_would_create_giant_slot" time="0.000" /><testcase classname="tests.test_canva_slot_safety_v5" name="test_validator_drops_decorative_giant_image_but_keeps_name_price_slot" time="0.000" /><testcase classname="tests.test_canva_slot_safety_v5" name="test_validator_removes_far_secondary_price_instead_of_binding_neighbor_product" time="0.000" /><testcase classname="tests.test_canva_slot_safety_v5" name="test_canva_transparent_helper_shape_does_not_become_white_box" time="0.000" /><testcase classname="tests.test_canva_slot_safety_v5" name="test_canva_invisible_helper_shape_is_ignored" time="0.000" /><testcase classname="tests.test_canva_smart_slot_bindings" name="test_candidate_slot_bindings_tag_name_image_and_split_prices" time="0.000" /></testsuite></testsuites>