<?xml version="1.0" encoding="utf-8"?><testsuites name="pytest tests"><testsuite name="pytest" errors="0" failures="0" skipped="0" tests="166" time="4.546" timestamp="2026-08-18T17:12:48.359775+00:00" hostname="runnervmzvulz"><testcase classname="tests.test_image_alias_token_order" name="test_identical_tokens_in_different_order_are_compatible" time="0.001" /><testcase classname="tests.test_image_alias_token_order" name="test_token_reorder_rule_does_not_ignore_gramature_or_variant" time="0.001" /><testcase classname="tests.test_image_archive_provenance" name="test_precision_policy_is_versioned_for_phase2_real_corpus" time="0.000" /><testcase classname="tests.test_image_archive_provenance" name="test_archive_extraction_preserves_member_lineage_without_flattening_collision" time="0.003" /><testcase classname="tests.test_image_archive_provenance" name="test_archive_provenance_reaches_incremental_record" time="0.002" /><testcase classname="tests.test_image_archive_provenance" name="test_duplicate_archive_observations_do_not_change_logical_document_fingerprint" time="0.001" /><testcase classname="tests.test_image_archive_provenance" name="test_archive_member_naming_is_deterministic" time="0.002" /><testcase classname="tests.test_image_association" name="test_normalization_preserves_identity_but_normalizes_accents_and_units" time="0.001" /><testcase classname="tests.test_image_association" name="test_different_gramatures_are_not_aliases" time="0.000" /><testcase classname="tests.test_image_association" name="test_product_candidate_rejects_price_and_operational_text" time="0.001" /><testcase classname="tests.test_image_association" name="test_cross_document_consensus_boosts_same_product" time="0.000" /><testcase classname="tests.test_image_association" name="test_single_source_high_confidence_cannot_auto_accept" time="0.000" /><testcase classname="tests.test_image_association" name="test_two_independent_documents_can_auto_accept_same_product_image" time="0.000" /><testcase classname="tests.test_image_association" name="test_consensus_distinguishes_same_basename_using_document_digest_path" time="0.000" /><testcase classname="tests.test_image_association" name="test_consensus_does_not_double_count_renamed_exact_file_copies" time="0.000" /><testcase classname="tests.test_image_association" name="test_explicit_document_identity_overrides_media_path_and_basename" time="0.000" /><testcase classname="tests.test_image_association" name="test_reused_asset_with_unrelated_products_becomes_decorative" time="0.001" /><testcase classname="tests.test_image_association" name="test_recurring_template_with_three_unrelated_products_is_decorative" time="0.000" /><testcase classname="tests.test_image_association" name="test_recurring_template_signal_does_not_reject_same_product_consensus" time="0.000" /><testcase classname="tests.test_image_association" name="test_conflicting_product_names_are_not_silently_accepted" time="0.000" /><testcase classname="tests.test_image_association" name="test_spatial_score_rewards_horizontal_overlap_and_same_group" time="0.000" /><testcase classname="tests.test_image_association" name="test_grid_pairing_prefers_same_column_adjacent_row_boundary" time="0.000" /><testcase classname="tests.test_image_association" name="test_template_reuse_is_conservative" time="0.000" /><testcase classname="tests.test_image_bank_approval_gate" name="test_pending_image_is_not_used_automatically" time="0.009" /><testcase classname="tests.test_image_bank_approval_gate" name="test_approved_image_can_be_used_automatically" time="0.005" /><testcase classname="tests.test_image_bank_approval_gate" name="test_same_image_seen_on_different_products_is_forced_back_to_review" time="0.007" /><testcase classname="tests.test_image_bank_approval_gate" name="test_approving_cross_product_conflict_keeps_current_association_and_blocks_weak_fuzzy_fill" time="0.008" /><testcase classname="tests.test_image_bank_batch_review" name="test_batch_delete_removes_records_and_local_files" time="0.004" /><testcase classname="tests.test_image_bank_batch_review" name="test_batch_delete_does_not_unlink_file_outside_bank" time="0.003" /><testcase classname="tests.test_image_bank_batch_review" name="test_batch_approval_preserves_asset_file" time="0.002" /><testcase classname="tests.test_image_bank_cloud_sync" name="test_cloud_sync_downloads_official_asset_and_reuses_cache" time="0.006" /><testcase classname="tests.test_image_bank_cloud_sync" name="test_cloud_sync_never_rejects_personal_assets_when_official_item_is_removed" time="0.003" /><testcase classname="tests.test_image_bank_cloud_sync" name="test_publication_builder_exports_only_approved_product_images" time="0.004" /><testcase classname="tests.test_image_bank_cloud_sync" name="test_first_sync_can_seed_from_verified_base_bundle_without_individual_downloads" time="0.003" /><testcase classname="tests.test_image_bank_cloud_sync" name="test_bootstrap_manifest_can_redirect_clients_to_future_https_endpoint" time="0.001" /><testcase classname="tests.test_image_barcode_seed" name="test_barcode_normalization_accepts_gtin_lengths_and_rejects_noise" time="0.000" /><testcase classname="tests.test_image_barcode_seed" name="test_catalog_discovery_is_read_only_and_finds_ean_column" time="0.009" /><testcase classname="tests.test_image_barcode_seed" name="test_missing_barcode_column_disables_feature_without_schema_mutation" time="0.003" /><testcase classname="tests.test_image_barcode_seed" name="test_exact_single_barcode_catalog_match_generates_verified_manifest" time="0.004" /><testcase classname="tests.test_image_barcode_seed" name="test_same_barcode_mapped_to_multiple_products_is_review_not_verified" time="0.004" /><testcase classname="tests.test_image_barcode_seed" name="test_multiple_detected_barcodes_are_review_even_if_one_matches" time="0.001" /><testcase classname="tests.test_image_barcode_seed" name="test_unavailable_provider_does_not_guess_from_filename" time="0.004" /><testcase classname="tests.test_image_batch_training" name="test_batch_training_uses_inventory_and_safe_contract_and_emits_rebuildable_report" time="0.001" /><testcase classname="tests.test_image_benchmark" name="test_lookup_benchmark_reports_metadata_only_latency_and_matches" time="0.001" /><testcase classname="tests.test_image_corpus_inventory" name="test_inventory_reads_product_text_and_shape_fill_image" time="0.010" /><testcase classname="tests.test_image_corpus_inventory" name="test_inventory_groups_exact_duplicate_files" time="0.014" /><testcase classname="tests.test_image_corpus_inventory" name="test_inventory_groups_logical_export_copies_despite_irrelevant_package_change" time="0.014" /><testcase classname="tests.test_image_corpus_inventory" name="test_three_slide_reused_media_is_template_heavy" time="0.010" /><testcase classname="tests.test_image_corpus_inventory" name="test_dhash_collision_with_incompatible_geometry_is_reported_but_rejected_for_dedupe" time="0.100" /><testcase classname="tests.test_image_corpus_inventory" name="test_same_geometry_dhash_collision_is_rejected_by_rgb_content" time="0.010" /><testcase classname="tests.test_image_corpus_inventory" name="test_missing_inventory_source_is_non_destructive_warning" time="0.001" /><testcase classname="tests.test_image_corpus_training" name="test_incremental_training_skips_unchanged_source" time="0.008" /><testcase classname="tests.test_image_corpus_training" name="test_changed_source_supersedes_old_evidence" time="0.012" /><testcase classname="tests.test_image_corpus_training" name="test_corrupt_state_fails_closed_instead_of_resetting" time="0.001" /><testcase classname="tests.test_image_corpus_training" name="test_state_save_keeps_logical_backup" time="0.001" /><testcase classname="tests.test_image_department_coverage" name="test_department_coverage_separates_states_and_missing" time="0.001" /><testcase classname="tests.test_image_department_coverage" name="test_alias_can_cover_equivalent_catalog_spelling" time="0.000" /><testcase classname="tests.test_image_department_coverage" name="test_rejected_and_decorative_assets_never_cover_catalog" time="0.000" /><testcase classname="tests.test_image_department_coverage" name="test_payload_counts_unique_catalog_products" time="0.000" /><testcase classname="tests.test_image_departments" name="test_common_sr_departments_are_classified_conservatively" time="0.000" /><testcase classname="tests.test_image_departments" name="test_unknown_product_does_not_get_forced_into_a_department" time="0.000" /><testcase classname="tests.test_image_evaluation" name="test_evaluation_measures_product_precision_coverage_and_decorative_accuracy" time="0.000" /><testcase classname="tests.test_image_evaluation" name="test_wrong_high_confidence_auto_accept_is_explicit_failure" time="0.000" /><testcase classname="tests.test_image_evaluation" name="test_alias_equivalent_name_can_count_as_correct_but_measurement_change_cannot" time="0.001" /><testcase classname="tests.test_image_evaluation" name="test_manual_sample_prioritizes_conflicts_then_adds_deterministic_random_rows" time="0.000" /><testcase classname="tests.test_image_evidence_aliases" name="test_same_sku_formatting_and_accent_variants_become_aliases" time="0.000" /><testcase classname="tests.test_image_evidence_aliases" name="test_different_gramature_is_never_learned_as_alias" time="0.000" /><testcase classname="tests.test_image_evidence_aliases" name="test_compatible_alternative_can_be_alias_but_unrelated_name_cannot" time="0.000" /><testcase classname="tests.test_image_evidence_aliases" name="test_alias_learning_accepts_evidence_from_known_visual_variant" time="0.000" /><testcase classname="tests.test_image_evidence_aliases" name="test_alias_learning_rejects_unrelated_image_sha" time="0.000" /><testcase classname="tests.test_image_library_audit" name="test_aliases_cover_catalog_spellings_without_inflating_canonical_product_count" time="0.000" /><testcase classname="tests.test_image_library_audit" name="test_legacy_asset_with_product_name_is_product_even_when_kind_is_blank" time="0.000" /><testcase classname="tests.test_image_library_audit" name="test_decorative_assets_do_not_count_as_unassigned_product_images" time="0.000" /><testcase classname="tests.test_image_library_audit" name="test_provenance_and_variant_counts_measure_observations_without_copying_pixels" time="0.000" /><testcase classname="tests.test_image_library_audit" name="test_pending_and_rejected_are_separated_and_missing_catalog_products_are_reported" time="0.000" /><testcase classname="tests.test_image_library_audit" name="test_query_audit_uses_only_accepted_lookup_candidates" time="0.001" /><testcase classname="tests.test_image_library_audit" name="test_payload_is_json_ready_and_preserves_metrics" time="0.000" /><testcase classname="tests.test_image_library_audit_phase2" name="test_phase2_catalog_coverage_separates_accepted_likely_review_and_missing" time="0.000" /><testcase classname="tests.test_image_library_audit_phase2" name="test_multiple_variants_orphans_provenance_and_low_confidence_are_audited" time="0.000" /><testcase classname="tests.test_image_library_audit_phase2" name="test_top_missing_is_ranked_by_flyer_priority_and_excludes_existing_candidates" time="0.000" /><testcase classname="tests.test_image_library_audit_phase2" name="test_priority_missing_respects_limit" time="0.000" /><testcase classname="tests.test_image_library_audit_phase2" name="test_payload_exposes_phase2_coverage_contract" time="0.000" /><testcase classname="tests.test_image_lookup" name="test_exact_lookup_returns_best_and_alternatives" time="0.000" /><testcase classname="tests.test_image_lookup" name="test_lookup_handles_category_prefix_alias_style_name" time="0.001" /><testcase classname="tests.test_image_lookup" name="test_weight_mismatch_is_not_returned_even_when_wrong_variant_has_better_quality" time="0.000" /><testcase classname="tests.test_image_lookup" name="test_higher_quality_breaks_tie_between_same_product_variants" time="0.000" /><testcase classname="tests.test_image_lookup" name="test_manual_preferred_remains_first_among_same_identity_variants" time="0.000" /><testcase classname="tests.test_image_lookup" name="test_provenance_is_returned_without_loading_image_pixels" time="0.000" /><testcase classname="tests.test_image_lookup" name="test_pending_assets_are_never_candidates" time="0.000" /><testcase classname="tests.test_image_lookup_scale" name="test_rare_token_index_finds_item_in_large_common_token_bank" time="0.101" /><testcase classname="tests.test_image_perceptual_index" name="test_index_returns_exact_and_near_hashes_in_distance_order" time="0.000" /><testcase classname="tests.test_image_perceptual_index" name="test_index_keeps_distinct_assets_with_identical_dhash" time="0.000" /><testcase classname="tests.test_image_perceptual_index" name="test_index_rejects_invalid_hashes_without_crashing" time="0.000" /><testcase classname="tests.test_image_perceptual_index" name="test_bk_tree_matches_bruteforce_for_large_metadata_set" time="0.017" /><testcase classname="tests.test_image_phase3_workflow" name="test_phase3_workflow_is_scoped_to_image_db_branch_only" time="0.000" /><testcase classname="tests.test_image_phase3_workflow" name="test_phase3_workflow_uploads_evidence_even_on_failure" time="0.000" /><testcase classname="tests.test_image_precision_training" name="test_repeated_shapes_with_same_sha_are_one_logical_image" time="0.002" /><testcase classname="tests.test_image_precision_training" name="test_weak_singleton_is_retained_but_cannot_auto_accept" time="0.002" /><testcase classname="tests.test_image_precision_training" name="test_logical_document_fingerprint_collapses_export_copies" time="0.000" /><testcase classname="tests.test_image_precision_training" name="test_logical_document_fingerprint_changes_when_product_image_pair_changes" time="0.000" /><testcase classname="tests.test_image_precision_training" name="test_processed_record_carries_raw_and_logical_source_identity" time="0.009" /><testcase classname="tests.test_image_precision_training" name="test_stale_precision_record_is_reprocessed_incrementally" time="0.015" /><testcase classname="tests.test_image_precision_training" name="test_one_stale_source_does_not_force_current_sources_in_same_batch" time="0.020" /><testcase classname="tests.test_image_precision_training" name="test_multiple_stale_sources_are_upgraded_without_reprocessing_current_source" time="0.028" /><testcase classname="tests.test_image_product_priority" name="test_priority_counts_occurrences_and_independent_sources" time="0.002" /><testcase classname="tests.test_image_product_priority" name="test_semantically_equal_export_copy_does_not_inflate_priority" time="0.001" /><testcase classname="tests.test_image_product_priority" name="test_zip_members_are_scanned_without_destructive_extraction" time="0.001" /><testcase classname="tests.test_image_product_priority" name="test_missing_or_unsupported_source_is_warning_not_exception" time="0.001" /><testcase classname="tests.test_image_quality_ranking" name="test_product_quality_rewards_resolution_and_clean_alpha_cutout" time="0.105" /><testcase classname="tests.test_image_quality_ranking" name="test_known_price_and_text_probabilities_penalize_crop_quality" time="0.085" /><testcase classname="tests.test_image_quality_ranking" name="test_asset_quality_score_prefers_persisted_value_and_never_opens_pixels" time="0.000" /><testcase classname="tests.test_image_quality_ranking" name="test_safe_library_persists_quality_once_on_import" time="0.163" /><testcase classname="tests.test_image_raster_correlation" name="test_raster_matches_structured_slide_by_product_names" time="0.005" /><testcase classname="tests.test_image_raster_correlation" name="test_embedded_original_is_preferred_and_no_raster_crop_is_created" time="0.004" /><testcase classname="tests.test_image_raster_correlation" name="test_no_embedded_asset_produces_review_only_card_crop_with_text_flag" time="0.004" /><testcase classname="tests.test_image_raster_correlation" name="test_unrelated_ocr_text_does_not_force_slide_correlation" time="0.004" /><testcase classname="tests.test_image_raster_correlation" name="test_report_counts_embedded_preference_and_review_fallback" time="0.008" /><testcase classname="tests.test_image_raster_inventory" name="test_composite_flyer_ocr_discovers_products_but_never_auto_accepts" time="0.004" /><testcase classname="tests.test_image_raster_inventory" name="test_single_product_raster_remains_review_candidate" time="0.029" /><testcase classname="tests.test_image_raster_inventory" name="test_unavailable_ocr_is_warning_and_does_not_use_filename_as_product" time="0.004" /><testcase classname="tests.test_image_raster_inventory" name="test_tesseract_tsv_groups_words_into_lines_and_filters_low_confidence" time="0.000" /><testcase classname="tests.test_image_raster_inventory" name="test_missing_raster_source_is_report_warning" time="0.001" /><testcase classname="tests.test_image_real_corpus_regressions" name="test_rodrigues_pao_de_queijo_filename_vs_sr_catalog_stays_review" time="0.033" /><testcase classname="tests.test_image_real_corpus_regressions" name="test_real_145g_hamburger_never_matches_360g_sadia_angus" time="0.004" /><testcase classname="tests.test_image_real_corpus_regressions" name="test_same_350g_measurement_does_not_override_conflicting_brand" time="0.033" /><testcase classname="tests.test_image_real_corpus_regressions" name="test_opaque_composite_flyer_filename_is_not_product_evidence" time="0.002" /><testcase classname="tests.test_image_review_contact_sheet" name="test_review_dataset_prioritizes_frequent_product_and_limits_variants" time="0.036" /><testcase classname="tests.test_image_review_contact_sheet" name="test_accepted_single_variant_with_no_pending_is_not_review_noise" time="0.008" /><testcase classname="tests.test_image_review_contact_sheet" name="test_multiple_accepted_variants_without_preferred_remain_reviewable" time="0.015" /><testcase classname="tests.test_image_review_contact_sheet" name="test_render_contact_sheet_handles_missing_candidate_path" time="0.023" /><testcase classname="tests.test_image_review_contact_sheet" name="test_dataset_payload_is_compact_json_ready" time="0.008" /><testcase classname="tests.test_image_safe_perceptual_index" name="test_perceptual_snapshot_is_cached_until_library_changes" time="0.049" /><testcase classname="tests.test_image_safe_perceptual_index" name="test_exact_dhash_candidate_query_does_not_return_every_asset" time="0.302" /><testcase classname="tests.test_image_safe_perceptual_index" name="test_external_index_change_invalidates_cache_by_file_signature" time="0.048" /><testcase classname="tests.test_image_standalone_cli" name="test_discover_images_recurses_and_ignores_non_image_files" time="0.002" /><testcase classname="tests.test_image_standalone_cli" name="test_discover_images_deduplicates_same_path_from_overlapping_sources" time="0.002" /><testcase classname="tests.test_image_standalone_cli" name="test_catalog_names_from_sqlite_is_read_only_and_prefers_display_name" time="0.004" /><testcase classname="tests.test_image_standalone_cli" name="test_catalog_names_supports_real_atacado_ultimo_nome_schema" time="0.003" /><testcase classname="tests.test_image_standalone_cli" name="test_catalog_names_supports_name_only_schema" time="0.003" /><testcase classname="tests.test_image_standalone_cli" name="test_merge_sources_prefers_manifest_evidence_for_same_file" time="0.001" /><testcase classname="tests.test_image_standalone_cli" name="test_incremental_standalone_skips_unchanged_input" time="0.010" /><testcase classname="tests.test_image_standalone_cli" name="test_incremental_standalone_reprocesses_only_changed_file" time="0.026" /><testcase classname="tests.test_image_standalone_cli" name="test_incremental_standalone_reprocesses_when_catalog_changes" time="0.009" /><testcase classname="tests.test_image_standalone_cli" name="test_report_writer_is_atomic_json_contract" time="0.001" /><testcase classname="tests.test_image_standalone_cli" name="test_missing_source_is_warning_not_exception" time="0.001" /><testcase classname="tests.test_image_standalone_recovery" name="test_incremental_reprocesses_when_state_asset_was_removed_from_library" time="0.040" /><testcase classname="tests.test_image_standalone_state" name="test_state_store_fails_closed_on_corrupt_json" time="0.001" /><testcase classname="tests.test_image_standalone_state" name="test_state_store_keeps_backup_before_replacement" time="0.001" /><testcase classname="tests.test_image_standalone_state" name="test_source_fingerprint_changes_with_file_mapping_and_catalog" time="0.002" /><testcase classname="tests.test_image_standalone_training" name="test_verified_manifest_mapping_auto_accepts_with_standalone_provenance" time="0.033" /><testcase classname="tests.test_image_standalone_training" name="test_exact_catalog_filename_is_review_not_auto_accept" time="0.033" /><testcase classname="tests.test_image_standalone_training" name="test_exact_filename_candidate_can_promote_with_accepted_visual_consensus" time="0.038" /><testcase classname="tests.test_image_standalone_training" name="test_different_gramature_does_not_match_catalog_variant" time="0.004" /><testcase classname="tests.test_image_standalone_training" name="test_ambiguous_catalog_match_stays_pending" time="0.033" /><testcase classname="tests.test_image_standalone_training" name="test_existing_canva_duplicate_keeps_original_scalar_source_and_adds_provenance" time="0.038" /><testcase classname="tests.test_image_standalone_training" name="test_verified_standalone_mapping_is_downgraded_when_image_conflicts_with_other_product" time="0.054" /><testcase classname="tests.test_image_standalone_training" name="test_manifest_loader_preserves_explicit_verification_and_provenance" time="0.001" /><testcase classname="tests.test_image_standalone_training" name="test_missing_standalone_file_is_warning_not_destructive" time="0.001" /><testcase classname="tests.test_image_visual_dedup" name="test_dhash_collision_with_incompatible_geometry_is_not_duplicate" time="0.000" /><testcase classname="tests.test_image_visual_dedup" name="test_same_geometry_dhash_collision_is_rejected_by_color_content" time="0.003" /><testcase classname="tests.test_image_visual_dedup" name="test_resized_same_aspect_candidate_can_still_be_near_duplicate" time="0.068" /><testcase classname="tests.test_image_visual_dedup" name="test_safe_library_preserves_complete_sha256_without_breaking_legacy_id" time="0.024" /><testcase classname="tests.test_image_visual_dedup" name="test_near_duplicate_keeps_canonical_sha_and_merges_provenance" time="0.047" /><testcase classname="tests.test_image_visual_dedup" name="test_safe_library_does_not_merge_realistic_dhash_collision_shape" time="0.290" /><testcase classname="tests.test_image_visual_dedup" name="test_safe_library_does_not_merge_same_shape_flat_color_dhash_collision" time="0.032" /><testcase classname="tests.test_image_visual_dedup" name="test_safe_library_cross_product_collision_does_not_create_false_conflict" time="0.345" /></testsuite></testsuites>